<?xml version="1.0" encoding="UTF-8"?>
<testng-results ignored="0" total="3" passed="3" failed="0" skipped="0">
  <reporter-output>
  </reporter-output>
  <suite started-at="2026-06-12T11:23:35 IST" name="Suite" finished-at="2026-06-12T11:24:20 IST" duration-ms="44549">
    <groups>
    </groups>
    <test started-at="2026-06-12T11:23:35 IST" name="Test" finished-at="2026-06-12T11:24:20 IST" duration-ms="44549">
      <class name="sdet.AppTest">
        <test-method signature="testlogin1()[pri:0, instance:sdet.AppTest@4ac3c60d]" started-at="2026-06-12T11:23:35 IST" name="testlogin1" finished-at="2026-06-12T11:23:35 IST" duration-ms="42" status="PASS">
          <reporter-output>
          </reporter-output>
        </test-method> <!-- testlogin1 -->
        <test-method signature="testlogin2()[pri:0, instance:sdet.AppTest@4ac3c60d]" started-at="2026-06-12T11:23:35 IST" name="testlogin2" finished-at="2026-06-12T11:23:35 IST" duration-ms="2" status="PASS">
          <reporter-output>
          </reporter-output>
        </test-method> <!-- testlogin2 -->
      </class> <!-- sdet.AppTest -->
      <class name="sdet.SeleniumTest">
        <test-method signature="f()[pri:0, instance:sdet.SeleniumTest@3daa422a]" started-at="2026-06-12T11:23:35 IST" name="f" finished-at="2026-06-12T11:24:20 IST" duration-ms="44438" status="PASS">
          <reporter-output>
          </reporter-output>
        </test-method> <!-- f -->
      </class> <!-- sdet.SeleniumTest -->
    </test> <!-- Test -->
  </suite> <!-- Suite -->
</testng-results>
